<?xml version="1.0" encoding="UTF-8"?>
<!-- Generated by org.testng.reporters.JUnitReportReporter -->
<testsuite hostname="Hammad" failures="0" tests="3" name="directMacroTestPackage.DirectMacroTestCases" time="30.629" errors="0" timestamp="2024-04-26T00:36:00 PKT" skipped="0">
  <testcase classname="directMacroTestPackage.DirectMacroTestCases" name="productQuantityValidation" time="3.397"/>
  <system-out/>
  <testcase classname="directMacroTestPackage.DirectMacroTestCases" name="searchBarTestCase" time="16.555"/>
  <system-out/>
  <testcase classname="directMacroTestPackage.DirectMacroTestCases" name="addToCartTestCases" time="10.677"/>
  <system-out/>
</testsuite> <!-- directMacroTestPackage.DirectMacroTestCases -->
