<?xml version="1.0" encoding="UTF-8"?>
<!-- Generated by org.testng.reporters.JUnitReportReporter -->
<testsuite hostname="Hammad" failures="0" tests="3" name="directMacroTestPackage.DirectMacroTestCases" time="28.924" errors="0" timestamp="2024-04-25T23:36:44 PKT" skipped="0">
  <testcase classname="directMacroTestPackage.DirectMacroTestCases" name="productQuantityValidation" time="3.492"/>
  <system-out/>
  <testcase classname="directMacroTestPackage.DirectMacroTestCases" name="addToCartTestCases" time="10.942"/>
  <system-out/>
  <testcase classname="directMacroTestPackage.DirectMacroTestCases" name="searchBarTestCase" time="14.490"/>
  <system-out/>
</testsuite> <!-- directMacroTestPackage.DirectMacroTestCases -->
