<?xml version="1.0" encoding="UTF-8"?>
<!-- Generated by org.testng.reporters.JUnitReportReporter -->
<testsuite hostname="Umair-Ahmed" failures="0" tests="4" name="directMacroTestPackage.DirectMacroTestCases" time="59.081" errors="0" timestamp="2024-05-02T19:43:27 PKT" skipped="0">
  <testcase classname="directMacroTestPackage.DirectMacroTestCases" name="searchBarTestCase" time="16.188"/>
  <system-out/>
  <testcase classname="directMacroTestPackage.DirectMacroTestCases" name="addToCartTestCases" time="13.148"/>
  <system-out/>
  <testcase classname="directMacroTestPackage.DirectMacroTestCases" name="productQuantityValidation" time="6.818"/>
  <system-out/>
  <testcase classname="directMacroTestPackage.DirectMacroTestCases" name="checkoutFormValidationVerfication" time="22.927"/>
  <system-out/>
</testsuite> <!-- directMacroTestPackage.DirectMacroTestCases -->
