<?xml version="1.0" encoding="UTF-8"?>
<!-- Generated by org.testng.reporters.JUnitReportReporter -->
<testsuite hostname="Hammad" failures="0" tests="4" name="directMacroTestPackage.DirectMacroTestCases" time="49.910" errors="0" timestamp="2024-05-02T02:10:27 PKT" skipped="0">
  <testcase classname="directMacroTestPackage.DirectMacroTestCases" name="searchBarTestCase" time="14.684"/>
  <system-out/>
  <testcase classname="directMacroTestPackage.DirectMacroTestCases" name="addToCartTestCases" time="16.875"/>
  <system-out/>
  <testcase classname="directMacroTestPackage.DirectMacroTestCases" name="productQuantityValidation" time="5.041"/>
  <system-out/>
  <testcase classname="directMacroTestPackage.DirectMacroTestCases" name="checkoutFormValidationVerfication" time="13.310"/>
  <system-out/>
</testsuite> <!-- directMacroTestPackage.DirectMacroTestCases -->
