<?xml version="1.0" encoding="UTF-8"?>
<!-- Generated by org.testng.reporters.JUnitReportReporter -->
<testsuite hostname="Hammad" failures="0" tests="4" name="directMacroTestPackage.DirectMacroTestCases" time="46.738" errors="0" timestamp="2024-04-28T17:07:45 PKT" skipped="0">
  <testcase classname="directMacroTestPackage.DirectMacroTestCases" name="checkoutFormValidationVerfication" time="14.412"/>
  <system-out/>
  <testcase classname="directMacroTestPackage.DirectMacroTestCases" name="searchBarTestCase" time="15.508"/>
  <system-out/>
  <testcase classname="directMacroTestPackage.DirectMacroTestCases" name="productQuantityValidation" time="6.277"/>
  <system-out/>
  <testcase classname="directMacroTestPackage.DirectMacroTestCases" name="addToCartTestCases" time="10.541"/>
  <system-out/>
</testsuite> <!-- directMacroTestPackage.DirectMacroTestCases -->
