<?xml version="1.0" encoding="UTF-8"?>
<!-- Generated by org.testng.reporters.JUnitReportReporter -->
<testsuite hostname="Hammad" failures="0" tests="4" name="directMacroTestPackage.DirectMacroTestCases" time="47.982" errors="0" timestamp="2024-04-28T16:25:29 PKT" skipped="0">
  <testcase classname="directMacroTestPackage.DirectMacroTestCases" name="checkoutFormValidationVerfication" time="16.000"/>
  <system-out/>
  <testcase classname="directMacroTestPackage.DirectMacroTestCases" name="searchBarTestCase" time="15.924"/>
  <system-out/>
  <testcase classname="directMacroTestPackage.DirectMacroTestCases" name="productQuantityValidation" time="5.342"/>
  <system-out/>
  <testcase classname="directMacroTestPackage.DirectMacroTestCases" name="addToCartTestCases" time="10.716"/>
  <system-out/>
</testsuite> <!-- directMacroTestPackage.DirectMacroTestCases -->
