<?xml version="1.0" encoding="UTF-8"?>
<!-- Generated by org.testng.reporters.JUnitReportReporter -->
<testsuite hostname="Umair-Ahmed" failures="0" tests="4" name="directMacroTestPackage.DirectMacroTestCases" time="62.207" errors="0" timestamp="2024-05-07T18:18:46 PKT" skipped="0">
  <testcase classname="directMacroTestPackage.DirectMacroTestCases" name="searchBarTestCase" time="17.123"/>
  <system-out/>
  <testcase classname="directMacroTestPackage.DirectMacroTestCases" name="addToCartTestCases" time="14.478"/>
  <system-out/>
  <testcase classname="directMacroTestPackage.DirectMacroTestCases" name="productQuantityValidation" time="6.264"/>
  <system-out/>
  <testcase classname="directMacroTestPackage.DirectMacroTestCases" name="checkoutFormValidationVerfication" time="24.342"/>
  <system-out/>
</testsuite> <!-- directMacroTestPackage.DirectMacroTestCases -->
