<?xml version="1.0" encoding="UTF-8"?>
<!-- Generated by org.testng.reporters.JUnitReportReporter -->
<testsuite hostname="Hammad" failures="0" tests="4" name="directMacroTestPackage.DirectMacroTestCases" time="45.070" errors="0" timestamp="2024-05-02T02:12:16 PKT" skipped="0">
  <testcase classname="directMacroTestPackage.DirectMacroTestCases" name="searchBarTestCase" time="14.977"/>
  <system-out/>
  <testcase classname="directMacroTestPackage.DirectMacroTestCases" name="addToCartTestCases" time="11.268"/>
  <system-out/>
  <testcase classname="directMacroTestPackage.DirectMacroTestCases" name="productQuantityValidation" time="5.432"/>
  <system-out/>
  <testcase classname="directMacroTestPackage.DirectMacroTestCases" name="checkoutFormValidationVerfication" time="13.393"/>
  <system-out/>
</testsuite> <!-- directMacroTestPackage.DirectMacroTestCases -->
